2014-11-05 09:40:22 [ main:3636 ] - [ ERROR ] maxIdle is deprecated
2014-11-05 09:40:25 [ main:7159 ] - [ ERROR ] Context initialization failed
org.springframework.beans.factory.BeanCreationException: Error creating bean with name 'org.springframework.web.servlet.handler.MappedInterceptor#0': Cannot create inner bean 'com.springmvc.Inteceptor.MyInteceptor#0' of type [com.springmvc.Inteceptor.MyInteceptor] while setting constructor argument; nested exception is org.springframework.beans.factory.CannotLoadBeanClassException: Cannot find class [com.springmvc.Inteceptor.MyInteceptor] for bean with name 'com.springmvc.Inteceptor.MyInteceptor#0' defined in class path resource [conf/spring-mvc.xml]; nested exception is java.lang.ClassNotFoundException: com.springmvc.Inteceptor.MyInteceptor
	at org.springframework.beans.factory.support.BeanDefinitionValueResolver.resolveInnerBean(BeanDefinitionValueResolver.java:282)
	at org.springframework.beans.factory.support.BeanDefinitionValueResolver.resolveValueIfNecessary(BeanDefinitionValueResolver.java:121)
	at org.springframework.beans.factory.support.ConstructorResolver.resolveConstructorArguments(ConstructorResolver.java:615)
	at org.springframework.beans.factory.support.ConstructorResolver.autowireConstructor(ConstructorResolver.java:148)
	at org.springframework.beans.factory.support.AbstractAutowireCapableBeanFactory.autowireConstructor(AbstractAutowireCapableBeanFactory.java:1045)
	at org.springframework.beans.factory.support.AbstractAutowireCapableBeanFactory.createBeanInstance(AbstractAutowireCapableBeanFactory.java:949)
	at org.springframework.beans.factory.support.AbstractAutowireCapableBeanFactory.doCreateBean(AbstractAutowireCapableBeanFactory.java:487)
	at org.springframework.beans.factory.support.AbstractAutowireCapableBeanFactory.createBean(AbstractAutowireCapableBeanFactory.java:458)
	at org.springframework.beans.factory.support.AbstractBeanFactory$1.getObject(AbstractBeanFactory.java:295)
	at org.springframework.beans.factory.support.DefaultSingletonBeanRegistry.getSingleton(DefaultSingletonBeanRegistry.java:223)
	at org.springframework.beans.factory.support.AbstractBeanFactory.doGetBean(AbstractBeanFactory.java:292)
	at org.springframework.beans.factory.support.AbstractBeanFactory.getBean(AbstractBeanFactory.java:194)
	at org.springframework.beans.factory.support.DefaultListableBeanFactory.preInstantiateSingletons(DefaultListableBeanFactory.java:628)
	at org.springframework.context.support.AbstractApplicationContext.finishBeanFactoryInitialization(AbstractApplicationContext.java:932)
	at org.springframework.context.support.AbstractApplicationContext.refresh(AbstractApplicationContext.java:479)
	at org.springframework.web.servlet.FrameworkServlet.configureAndRefreshWebApplicationContext(FrameworkServlet.java:651)
	at org.springframework.web.servlet.FrameworkServlet.createWebApplicationContext(FrameworkServlet.java:599)
	at org.springframework.web.servlet.FrameworkServlet.createWebApplicationContext(FrameworkServlet.java:665)
	at org.springframework.web.servlet.FrameworkServlet.initWebApplicationContext(FrameworkServlet.java:518)
	at org.springframework.web.servlet.FrameworkServlet.initServletBean(FrameworkServlet.java:459)
	at org.springframework.web.servlet.HttpServletBean.init(HttpServletBean.java:136)
	at javax.servlet.GenericServlet.init(GenericServlet.java:212)
	at org.apache.catalina.core.StandardWrapper.loadServlet(StandardWrapper.java:1173)
	at org.apache.catalina.core.StandardWrapper.load(StandardWrapper.java:993)
	at org.apache.catalina.core.StandardContext.loadOnStartup(StandardContext.java:4350)
	at org.apache.catalina.core.StandardContext.start(StandardContext.java:4659)
	at org.apache.catalina.core.ContainerBase.start(ContainerBase.java:1045)
	at org.apache.catalina.core.StandardHost.start(StandardHost.java:785)
	at org.apache.catalina.core.ContainerBase.start(ContainerBase.java:1045)
	at org.apache.catalina.core.StandardEngine.start(StandardEngine.java:445)
	at org.apache.catalina.startup.Embedded.start(Embedded.java:825)
	at org.codehaus.mojo.tomcat.AbstractRunMojo.startContainer(AbstractRunMojo.java:558)
	at org.codehaus.mojo.tomcat.AbstractRunMojo.execute(AbstractRunMojo.java:255)
	at org.apache.maven.plugin.DefaultBuildPluginManager.executeMojo(DefaultBuildPluginManager.java:132)
	at org.apache.maven.lifecycle.internal.MojoExecutor.execute(MojoExecutor.java:208)
	at org.apache.maven.lifecycle.internal.MojoExecutor.execute(MojoExecutor.java:153)
	at org.apache.maven.lifecycle.internal.MojoExecutor.execute(MojoExecutor.java:145)
	at org.apache.maven.lifecycle.internal.LifecycleModuleBuilder.buildProject(LifecycleModuleBuilder.java:116)
	at org.apache.maven.lifecycle.internal.LifecycleModuleBuilder.buildProject(LifecycleModuleBuilder.java:80)
	at org.apache.maven.lifecycle.internal.builder.singlethreaded.SingleThreadedBuilder.build(SingleThreadedBuilder.java:51)
	at org.apache.maven.lifecycle.internal.LifecycleStarter.execute(LifecycleStarter.java:120)
	at org.apache.maven.DefaultMaven.doExecute(DefaultMaven.java:347)
	at org.apache.maven.DefaultMaven.execute(DefaultMaven.java:154)
	at org.apache.maven.cli.MavenCli.execute(MavenCli.java:582)
	at org.apache.maven.cli.MavenCli.doMain(MavenCli.java:214)
	at org.apache.maven.cli.MavenCli.main(MavenCli.java:158)
	at sun.reflect.NativeMethodAccessorImpl.invoke0(Native Method)
	at sun.reflect.NativeMethodAccessorImpl.invoke(NativeMethodAccessorImpl.java:57)
	at sun.reflect.DelegatingMethodAccessorImpl.invoke(DelegatingMethodAccessorImpl.java:43)
	at java.lang.reflect.Method.invoke(Method.java:601)
	at org.codehaus.plexus.classworlds.launcher.Launcher.launchEnhanced(Launcher.java:289)
	at org.codehaus.plexus.classworlds.launcher.Launcher.launch(Launcher.java:229)
	at org.codehaus.plexus.classworlds.launcher.Launcher.mainWithExitCode(Launcher.java:415)
	at org.codehaus.plexus.classworlds.launcher.Launcher.main(Launcher.java:356)
Caused by: org.springframework.beans.factory.CannotLoadBeanClassException: Cannot find class [com.springmvc.Inteceptor.MyInteceptor] for bean with name 'com.springmvc.Inteceptor.MyInteceptor#0' defined in class path resource [conf/spring-mvc.xml]; nested exception is java.lang.ClassNotFoundException: com.springmvc.Inteceptor.MyInteceptor
	at org.springframework.beans.factory.support.AbstractBeanFactory.resolveBeanClass(AbstractBeanFactory.java:1275)
	at org.springframework.beans.factory.support.AbstractAutowireCapableBeanFactory.createBean(AbstractAutowireCapableBeanFactory.java:435)
	at org.springframework.beans.factory.support.BeanDefinitionValueResolver.resolveInnerBean(BeanDefinitionValueResolver.java:271)
	... 53 more
Caused by: java.lang.ClassNotFoundException: com.springmvc.Inteceptor.MyInteceptor
	at org.apache.catalina.loader.WebappClassLoader.loadClass(WebappClassLoader.java:1645)
	at org.apache.catalina.loader.WebappClassLoader.loadClass(WebappClassLoader.java:1491)
	at org.springframework.util.ClassUtils.forName(ClassUtils.java:260)
	at org.springframework.beans.factory.support.AbstractBeanDefinition.resolveBeanClass(AbstractBeanDefinition.java:416)
	at org.springframework.beans.factory.support.AbstractBeanFactory.doResolveBeanClass(AbstractBeanFactory.java:1296)
	at org.springframework.beans.factory.support.AbstractBeanFactory.resolveBeanClass(AbstractBeanFactory.java:1267)
	... 55 more
2014-11-05 09:41:35 [ main:1057 ] - [ ERROR ] maxIdle is deprecated
2014-11-05 09:41:36 [ main:2404 ] - [ ERROR ] Context initialization failed
org.springframework.beans.factory.BeanCreationException: Error creating bean with name 'org.springframework.web.servlet.handler.MappedInterceptor#0': Cannot create inner bean 'cn.springmvc.Inteceptor.MyInteceptor#0' of type [cn.springmvc.Inteceptor.MyInteceptor] while setting constructor argument; nested exception is org.springframework.beans.factory.BeanCreationException: Error creating bean with name 'cn.springmvc.Inteceptor.MyInteceptor#0' defined in class path resource [conf/spring-mvc.xml]: Instantiation of bean failed; nested exception is org.springframework.beans.BeanInstantiationException: Could not instantiate bean class [cn.springmvc.Inteceptor.MyInteceptor]: Constructor threw exception; nested exception is java.lang.Error: Unresolved compilation problems: 
	The type javax.servlet.http.HttpServletRequest cannot be resolved. It is indirectly referenced from required .class files
	The type javax.servlet.http.HttpServletResponse cannot be resolved. It is indirectly referenced from required .class files
	The import javax.servlet.http.HttpServletRequest cannot be resolved
	The import javax.servlet.http.HttpServletResponse cannot be resolved
	The type MyInteceptor must implement the inherited abstract method HandlerInterceptor.postHandle(HttpServletRequest, HttpServletResponse, Object, ModelAndView)
	The type MyInteceptor must implement the inherited abstract method HandlerInterceptor.afterCompletion(HttpServletRequest, HttpServletResponse, Object, Exception)
	The type MyInteceptor must implement the inherited abstract method HandlerInterceptor.preHandle(HttpServletRequest, HttpServletResponse, Object)
	HttpServletRequest cannot be resolved to a type
	HttpServletResponse cannot be resolved to a type
	HttpServletRequest cannot be resolved to a type
	HttpServletResponse cannot be resolved to a type
	HttpServletRequest cannot be resolved to a type
	HttpServletResponse cannot be resolved to a type

	at org.springframework.beans.factory.support.BeanDefinitionValueResolver.resolveInnerBean(BeanDefinitionValueResolver.java:282)
	at org.springframework.beans.factory.support.BeanDefinitionValueResolver.resolveValueIfNecessary(BeanDefinitionValueResolver.java:121)
	at org.springframework.beans.factory.support.ConstructorResolver.resolveConstructorArguments(ConstructorResolver.java:615)
	at org.springframework.beans.factory.support.ConstructorResolver.autowireConstructor(ConstructorResolver.java:148)
	at org.springframework.beans.factory.support.AbstractAutowireCapableBeanFactory.autowireConstructor(AbstractAutowireCapableBeanFactory.java:1045)
	at org.springframework.beans.factory.support.AbstractAutowireCapableBeanFactory.createBeanInstance(AbstractAutowireCapableBeanFactory.java:949)
	at org.springframework.beans.factory.support.AbstractAutowireCapableBeanFactory.doCreateBean(AbstractAutowireCapableBeanFactory.java:487)
	at org.springframework.beans.factory.support.AbstractAutowireCapableBeanFactory.createBean(AbstractAutowireCapableBeanFactory.java:458)
	at org.springframework.beans.factory.support.AbstractBeanFactory$1.getObject(AbstractBeanFactory.java:295)
	at org.springframework.beans.factory.support.DefaultSingletonBeanRegistry.getSingleton(DefaultSingletonBeanRegistry.java:223)
	at org.springframework.beans.factory.support.AbstractBeanFactory.doGetBean(AbstractBeanFactory.java:292)
	at org.springframework.beans.factory.support.AbstractBeanFactory.getBean(AbstractBeanFactory.java:194)
	at org.springframework.beans.factory.support.DefaultListableBeanFactory.preInstantiateSingletons(DefaultListableBeanFactory.java:628)
	at org.springframework.context.support.AbstractApplicationContext.finishBeanFactoryInitialization(AbstractApplicationContext.java:932)
	at org.springframework.context.support.AbstractApplicationContext.refresh(AbstractApplicationContext.java:479)
	at org.springframework.web.servlet.FrameworkServlet.configureAndRefreshWebApplicationContext(FrameworkServlet.java:651)
	at org.springframework.web.servlet.FrameworkServlet.createWebApplicationContext(FrameworkServlet.java:599)
	at org.springframework.web.servlet.FrameworkServlet.createWebApplicationContext(FrameworkServlet.java:665)
	at org.springframework.web.servlet.FrameworkServlet.initWebApplicationContext(FrameworkServlet.java:518)
	at org.springframework.web.servlet.FrameworkServlet.initServletBean(FrameworkServlet.java:459)
	at org.springframework.web.servlet.HttpServletBean.init(HttpServletBean.java:136)
	at javax.servlet.GenericServlet.init(GenericServlet.java:212)
	at org.apache.catalina.core.StandardWrapper.loadServlet(StandardWrapper.java:1173)
	at org.apache.catalina.core.StandardWrapper.load(StandardWrapper.java:993)
	at org.apache.catalina.core.StandardContext.loadOnStartup(StandardContext.java:4350)
	at org.apache.catalina.core.StandardContext.start(StandardContext.java:4659)
	at org.apache.catalina.core.ContainerBase.start(ContainerBase.java:1045)
	at org.apache.catalina.core.StandardHost.start(StandardHost.java:785)
	at org.apache.catalina.core.ContainerBase.start(ContainerBase.java:1045)
	at org.apache.catalina.core.StandardEngine.start(StandardEngine.java:445)
	at org.apache.catalina.startup.Embedded.start(Embedded.java:825)
	at org.codehaus.mojo.tomcat.AbstractRunMojo.startContainer(AbstractRunMojo.java:558)
	at org.codehaus.mojo.tomcat.AbstractRunMojo.execute(AbstractRunMojo.java:255)
	at org.apache.maven.plugin.DefaultBuildPluginManager.executeMojo(DefaultBuildPluginManager.java:132)
	at org.apache.maven.lifecycle.internal.MojoExecutor.execute(MojoExecutor.java:208)
	at org.apache.maven.lifecycle.internal.MojoExecutor.execute(MojoExecutor.java:153)
	at org.apache.maven.lifecycle.internal.MojoExecutor.execute(MojoExecutor.java:145)
	at org.apache.maven.lifecycle.internal.LifecycleModuleBuilder.buildProject(LifecycleModuleBuilder.java:116)
	at org.apache.maven.lifecycle.internal.LifecycleModuleBuilder.buildProject(LifecycleModuleBuilder.java:80)
	at org.apache.maven.lifecycle.internal.builder.singlethreaded.SingleThreadedBuilder.build(SingleThreadedBuilder.java:51)
	at org.apache.maven.lifecycle.internal.LifecycleStarter.execute(LifecycleStarter.java:120)
	at org.apache.maven.DefaultMaven.doExecute(DefaultMaven.java:347)
	at org.apache.maven.DefaultMaven.execute(DefaultMaven.java:154)
	at org.apache.maven.cli.MavenCli.execute(MavenCli.java:582)
	at org.apache.maven.cli.MavenCli.doMain(MavenCli.java:214)
	at org.apache.maven.cli.MavenCli.main(MavenCli.java:158)
	at sun.reflect.NativeMethodAccessorImpl.invoke0(Native Method)
	at sun.reflect.NativeMethodAccessorImpl.invoke(NativeMethodAccessorImpl.java:57)
	at sun.reflect.DelegatingMethodAccessorImpl.invoke(DelegatingMethodAccessorImpl.java:43)
	at java.lang.reflect.Method.invoke(Method.java:601)
	at org.codehaus.plexus.classworlds.launcher.Launcher.launchEnhanced(Launcher.java:289)
	at org.codehaus.plexus.classworlds.launcher.Launcher.launch(Launcher.java:229)
	at org.codehaus.plexus.classworlds.launcher.Launcher.mainWithExitCode(Launcher.java:415)
	at org.codehaus.plexus.classworlds.launcher.Launcher.main(Launcher.java:356)
Caused by: org.springframework.beans.factory.BeanCreationException: Error creating bean with name 'cn.springmvc.Inteceptor.MyInteceptor#0' defined in class path resource [conf/spring-mvc.xml]: Instantiation of bean failed; nested exception is org.springframework.beans.BeanInstantiationException: Could not instantiate bean class [cn.springmvc.Inteceptor.MyInteceptor]: Constructor threw exception; nested exception is java.lang.Error: Unresolved compilation problems: 
	The type javax.servlet.http.HttpServletRequest cannot be resolved. It is indirectly referenced from required .class files
	The type javax.servlet.http.HttpServletResponse cannot be resolved. It is indirectly referenced from required .class files
	The import javax.servlet.http.HttpServletRequest cannot be resolved
	The import javax.servlet.http.HttpServletResponse cannot be resolved
	The type MyInteceptor must implement the inherited abstract method HandlerInterceptor.postHandle(HttpServletRequest, HttpServletResponse, Object, ModelAndView)
	The type MyInteceptor must implement the inherited abstract method HandlerInterceptor.afterCompletion(HttpServletRequest, HttpServletResponse, Object, Exception)
	The type MyInteceptor must implement the inherited abstract method HandlerInterceptor.preHandle(HttpServletRequest, HttpServletResponse, Object)
	HttpServletRequest cannot be resolved to a type
	HttpServletResponse cannot be resolved to a type
	HttpServletRequest cannot be resolved to a type
	HttpServletResponse cannot be resolved to a type
	HttpServletRequest cannot be resolved to a type
	HttpServletResponse cannot be resolved to a type

	at org.springframework.beans.factory.support.AbstractAutowireCapableBeanFactory.instantiateBean(AbstractAutowireCapableBeanFactory.java:1007)
	at org.springframework.beans.factory.support.AbstractAutowireCapableBeanFactory.createBeanInstance(AbstractAutowireCapableBeanFactory.java:953)
	at org.springframework.beans.factory.support.AbstractAutowireCapableBeanFactory.doCreateBean(AbstractAutowireCapableBeanFactory.java:487)
	at org.springframework.beans.factory.support.AbstractAutowireCapableBeanFactory.createBean(AbstractAutowireCapableBeanFactory.java:458)
	at org.springframework.beans.factory.support.BeanDefinitionValueResolver.resolveInnerBean(BeanDefinitionValueResolver.java:271)
	... 53 more
Caused by: org.springframework.beans.BeanInstantiationException: Could not instantiate bean class [cn.springmvc.Inteceptor.MyInteceptor]: Constructor threw exception; nested exception is java.lang.Error: Unresolved compilation problems: 
	The type javax.servlet.http.HttpServletRequest cannot be resolved. It is indirectly referenced from required .class files
	The type javax.servlet.http.HttpServletResponse cannot be resolved. It is indirectly referenced from required .class files
	The import javax.servlet.http.HttpServletRequest cannot be resolved
	The import javax.servlet.http.HttpServletResponse cannot be resolved
	The type MyInteceptor must implement the inherited abstract method HandlerInterceptor.postHandle(HttpServletRequest, HttpServletResponse, Object, ModelAndView)
	The type MyInteceptor must implement the inherited abstract method HandlerInterceptor.afterCompletion(HttpServletRequest, HttpServletResponse, Object, Exception)
	The type MyInteceptor must implement the inherited abstract method HandlerInterceptor.preHandle(HttpServletRequest, HttpServletResponse, Object)
	HttpServletRequest cannot be resolved to a type
	HttpServletResponse cannot be resolved to a type
	HttpServletRequest cannot be resolved to a type
	HttpServletResponse cannot be resolved to a type
	HttpServletRequest cannot be resolved to a type
	HttpServletResponse cannot be resolved to a type

	at org.springframework.beans.BeanUtils.instantiateClass(BeanUtils.java:163)
	at org.springframework.beans.factory.support.SimpleInstantiationStrategy.instantiate(SimpleInstantiationStrategy.java:87)
	at org.springframework.beans.factory.support.AbstractAutowireCapableBeanFactory.instantiateBean(AbstractAutowireCapableBeanFactory.java:1000)
	... 57 more
Caused by: java.lang.Error: Unresolved compilation problems: 
	The type javax.servlet.http.HttpServletRequest cannot be resolved. It is indirectly referenced from required .class files
	The type javax.servlet.http.HttpServletResponse cannot be resolved. It is indirectly referenced from required .class files
	The import javax.servlet.http.HttpServletRequest cannot be resolved
	The import javax.servlet.http.HttpServletResponse cannot be resolved
	The type MyInteceptor must implement the inherited abstract method HandlerInterceptor.postHandle(HttpServletRequest, HttpServletResponse, Object, ModelAndView)
	The type MyInteceptor must implement the inherited abstract method HandlerInterceptor.afterCompletion(HttpServletRequest, HttpServletResponse, Object, Exception)
	The type MyInteceptor must implement the inherited abstract method HandlerInterceptor.preHandle(HttpServletRequest, HttpServletResponse, Object)
	HttpServletRequest cannot be resolved to a type
	HttpServletResponse cannot be resolved to a type
	HttpServletRequest cannot be resolved to a type
	HttpServletResponse cannot be resolved to a type
	HttpServletRequest cannot be resolved to a type
	HttpServletResponse cannot be resolved to a type

	at cn.springmvc.Inteceptor.MyInteceptor.<init>(MyInteceptor.java:1)
	at sun.reflect.NativeConstructorAccessorImpl.newInstance0(Native Method)
	at sun.reflect.NativeConstructorAccessorImpl.newInstance(NativeConstructorAccessorImpl.java:57)
	at sun.reflect.DelegatingConstructorAccessorImpl.newInstance(DelegatingConstructorAccessorImpl.java:45)
	at java.lang.reflect.Constructor.newInstance(Constructor.java:525)
	at org.springframework.beans.BeanUtils.instantiateClass(BeanUtils.java:148)
	... 59 more
2014-11-05 09:52:41 [ main:1171 ] - [ ERROR ] maxIdle is deprecated
2014-11-05 09:52:42 [ main:2572 ] - [ ERROR ] Context initialization failed
org.springframework.beans.factory.BeanCreationException: Error creating bean with name 'org.springframework.web.servlet.handler.MappedInterceptor#0': Cannot create inner bean 'cn.springmvc.Inteceptor.MyInteceptor#0' of type [cn.springmvc.Inteceptor.MyInteceptor] while setting constructor argument; nested exception is org.springframework.beans.factory.BeanCreationException: Error creating bean with name 'cn.springmvc.Inteceptor.MyInteceptor#0' defined in class path resource [conf/spring-mvc.xml]: Instantiation of bean failed; nested exception is org.springframework.beans.BeanInstantiationException: Could not instantiate bean class [cn.springmvc.Inteceptor.MyInteceptor]: Constructor threw exception; nested exception is java.lang.Error: Unresolved compilation problems: 
	The type javax.servlet.http.HttpServletResponse cannot be resolved. It is indirectly referenced from required .class files
	The type javax.servlet.http.HttpServletRequest cannot be resolved. It is indirectly referenced from required .class files
	The type MyInteceptor must implement the inherited abstract method HandlerInterceptor.postHandle(HttpServletRequest, HttpServletResponse, Object, ModelAndView)
	The type MyInteceptor must implement the inherited abstract method HandlerInterceptor.afterCompletion(HttpServletRequest, HttpServletResponse, Object, Exception)
	The type MyInteceptor must implement the inherited abstract method HandlerInterceptor.preHandle(HttpServletRequest, HttpServletResponse, Object)
	HttpServletRequest cannot be resolved to a type
	HttpServletResponse cannot be resolved to a type
	HttpServletRequest cannot be resolved to a type
	HttpServletResponse cannot be resolved to a type
	HttpServletRequest cannot be resolved to a type
	HttpServletResponse cannot be resolved to a type

	at org.springframework.beans.factory.support.BeanDefinitionValueResolver.resolveInnerBean(BeanDefinitionValueResolver.java:282)
	at org.springframework.beans.factory.support.BeanDefinitionValueResolver.resolveValueIfNecessary(BeanDefinitionValueResolver.java:121)
	at org.springframework.beans.factory.support.ConstructorResolver.resolveConstructorArguments(ConstructorResolver.java:615)
	at org.springframework.beans.factory.support.ConstructorResolver.autowireConstructor(ConstructorResolver.java:148)
	at org.springframework.beans.factory.support.AbstractAutowireCapableBeanFactory.autowireConstructor(AbstractAutowireCapableBeanFactory.java:1045)
	at org.springframework.beans.factory.support.AbstractAutowireCapableBeanFactory.createBeanInstance(AbstractAutowireCapableBeanFactory.java:949)
	at org.springframework.beans.factory.support.AbstractAutowireCapableBeanFactory.doCreateBean(AbstractAutowireCapableBeanFactory.java:487)
	at org.springframework.beans.factory.support.AbstractAutowireCapableBeanFactory.createBean(AbstractAutowireCapableBeanFactory.java:458)
	at org.springframework.beans.factory.support.AbstractBeanFactory$1.getObject(AbstractBeanFactory.java:295)
	at org.springframework.beans.factory.support.DefaultSingletonBeanRegistry.getSingleton(DefaultSingletonBeanRegistry.java:223)
	at org.springframework.beans.factory.support.AbstractBeanFactory.doGetBean(AbstractBeanFactory.java:292)
	at org.springframework.beans.factory.support.AbstractBeanFactory.getBean(AbstractBeanFactory.java:194)
	at org.springframework.beans.factory.support.DefaultListableBeanFactory.preInstantiateSingletons(DefaultListableBeanFactory.java:628)
	at org.springframework.context.support.AbstractApplicationContext.finishBeanFactoryInitialization(AbstractApplicationContext.java:932)
	at org.springframework.context.support.AbstractApplicationContext.refresh(AbstractApplicationContext.java:479)
	at org.springframework.web.servlet.FrameworkServlet.configureAndRefreshWebApplicationContext(FrameworkServlet.java:651)
	at org.springframework.web.servlet.FrameworkServlet.createWebApplicationContext(FrameworkServlet.java:599)
	at org.springframework.web.servlet.FrameworkServlet.createWebApplicationContext(FrameworkServlet.java:665)
	at org.springframework.web.servlet.FrameworkServlet.initWebApplicationContext(FrameworkServlet.java:518)
	at org.springframework.web.servlet.FrameworkServlet.initServletBean(FrameworkServlet.java:459)
	at org.springframework.web.servlet.HttpServletBean.init(HttpServletBean.java:136)
	at javax.servlet.GenericServlet.init(GenericServlet.java:212)
	at org.apache.catalina.core.StandardWrapper.loadServlet(StandardWrapper.java:1173)
	at org.apache.catalina.core.StandardWrapper.load(StandardWrapper.java:993)
	at org.apache.catalina.core.StandardContext.loadOnStartup(StandardContext.java:4350)
	at org.apache.catalina.core.StandardContext.start(StandardContext.java:4659)
	at org.apache.catalina.core.ContainerBase.start(ContainerBase.java:1045)
	at org.apache.catalina.core.StandardHost.start(StandardHost.java:785)
	at org.apache.catalina.core.ContainerBase.start(ContainerBase.java:1045)
	at org.apache.catalina.core.StandardEngine.start(StandardEngine.java:445)
	at org.apache.catalina.startup.Embedded.start(Embedded.java:825)
	at org.codehaus.mojo.tomcat.AbstractRunMojo.startContainer(AbstractRunMojo.java:558)
	at org.codehaus.mojo.tomcat.AbstractRunMojo.execute(AbstractRunMojo.java:255)
	at org.apache.maven.plugin.DefaultBuildPluginManager.executeMojo(DefaultBuildPluginManager.java:132)
	at org.apache.maven.lifecycle.internal.MojoExecutor.execute(MojoExecutor.java:208)
	at org.apache.maven.lifecycle.internal.MojoExecutor.execute(MojoExecutor.java:153)
	at org.apache.maven.lifecycle.internal.MojoExecutor.execute(MojoExecutor.java:145)
	at org.apache.maven.lifecycle.internal.LifecycleModuleBuilder.buildProject(LifecycleModuleBuilder.java:116)
	at org.apache.maven.lifecycle.internal.LifecycleModuleBuilder.buildProject(LifecycleModuleBuilder.java:80)
	at org.apache.maven.lifecycle.internal.builder.singlethreaded.SingleThreadedBuilder.build(SingleThreadedBuilder.java:51)
	at org.apache.maven.lifecycle.internal.LifecycleStarter.execute(LifecycleStarter.java:120)
	at org.apache.maven.DefaultMaven.doExecute(DefaultMaven.java:347)
	at org.apache.maven.DefaultMaven.execute(DefaultMaven.java:154)
	at org.apache.maven.cli.MavenCli.execute(MavenCli.java:582)
	at org.apache.maven.cli.MavenCli.doMain(MavenCli.java:214)
	at org.apache.maven.cli.MavenCli.main(MavenCli.java:158)
	at sun.reflect.NativeMethodAccessorImpl.invoke0(Native Method)
	at sun.reflect.NativeMethodAccessorImpl.invoke(NativeMethodAccessorImpl.java:57)
	at sun.reflect.DelegatingMethodAccessorImpl.invoke(DelegatingMethodAccessorImpl.java:43)
	at java.lang.reflect.Method.invoke(Method.java:601)
	at org.codehaus.plexus.classworlds.launcher.Launcher.launchEnhanced(Launcher.java:289)
	at org.codehaus.plexus.classworlds.launcher.Launcher.launch(Launcher.java:229)
	at org.codehaus.plexus.classworlds.launcher.Launcher.mainWithExitCode(Launcher.java:415)
	at org.codehaus.plexus.classworlds.launcher.Launcher.main(Launcher.java:356)
Caused by: org.springframework.beans.factory.BeanCreationException: Error creating bean with name 'cn.springmvc.Inteceptor.MyInteceptor#0' defined in class path resource [conf/spring-mvc.xml]: Instantiation of bean failed; nested exception is org.springframework.beans.BeanInstantiationException: Could not instantiate bean class [cn.springmvc.Inteceptor.MyInteceptor]: Constructor threw exception; nested exception is java.lang.Error: Unresolved compilation problems: 
	The type javax.servlet.http.HttpServletResponse cannot be resolved. It is indirectly referenced from required .class files
	The type javax.servlet.http.HttpServletRequest cannot be resolved. It is indirectly referenced from required .class files
	The type MyInteceptor must implement the inherited abstract method HandlerInterceptor.postHandle(HttpServletRequest, HttpServletResponse, Object, ModelAndView)
	The type MyInteceptor must implement the inherited abstract method HandlerInterceptor.afterCompletion(HttpServletRequest, HttpServletResponse, Object, Exception)
	The type MyInteceptor must implement the inherited abstract method HandlerInterceptor.preHandle(HttpServletRequest, HttpServletResponse, Object)
	HttpServletRequest cannot be resolved to a type
	HttpServletResponse cannot be resolved to a type
	HttpServletRequest cannot be resolved to a type
	HttpServletResponse cannot be resolved to a type
	HttpServletRequest cannot be resolved to a type
	HttpServletResponse cannot be resolved to a type

	at org.springframework.beans.factory.support.AbstractAutowireCapableBeanFactory.instantiateBean(AbstractAutowireCapableBeanFactory.java:1007)
	at org.springframework.beans.factory.support.AbstractAutowireCapableBeanFactory.createBeanInstance(AbstractAutowireCapableBeanFactory.java:953)
	at org.springframework.beans.factory.support.AbstractAutowireCapableBeanFactory.doCreateBean(AbstractAutowireCapableBeanFactory.java:487)
	at org.springframework.beans.factory.support.AbstractAutowireCapableBeanFactory.createBean(AbstractAutowireCapableBeanFactory.java:458)
	at org.springframework.beans.factory.support.BeanDefinitionValueResolver.resolveInnerBean(BeanDefinitionValueResolver.java:271)
	... 53 more
Caused by: org.springframework.beans.BeanInstantiationException: Could not instantiate bean class [cn.springmvc.Inteceptor.MyInteceptor]: Constructor threw exception; nested exception is java.lang.Error: Unresolved compilation problems: 
	The type javax.servlet.http.HttpServletResponse cannot be resolved. It is indirectly referenced from required .class files
	The type javax.servlet.http.HttpServletRequest cannot be resolved. It is indirectly referenced from required .class files
	The type MyInteceptor must implement the inherited abstract method HandlerInterceptor.postHandle(HttpServletRequest, HttpServletResponse, Object, ModelAndView)
	The type MyInteceptor must implement the inherited abstract method HandlerInterceptor.afterCompletion(HttpServletRequest, HttpServletResponse, Object, Exception)
	The type MyInteceptor must implement the inherited abstract method HandlerInterceptor.preHandle(HttpServletRequest, HttpServletResponse, Object)
	HttpServletRequest cannot be resolved to a type
	HttpServletResponse cannot be resolved to a type
	HttpServletRequest cannot be resolved to a type
	HttpServletResponse cannot be resolved to a type
	HttpServletRequest cannot be resolved to a type
	HttpServletResponse cannot be resolved to a type

	at org.springframework.beans.BeanUtils.instantiateClass(BeanUtils.java:163)
	at org.springframework.beans.factory.support.SimpleInstantiationStrategy.instantiate(SimpleInstantiationStrategy.java:87)
	at org.springframework.beans.factory.support.AbstractAutowireCapableBeanFactory.instantiateBean(AbstractAutowireCapableBeanFactory.java:1000)
	... 57 more
Caused by: java.lang.Error: Unresolved compilation problems: 
	The type javax.servlet.http.HttpServletResponse cannot be resolved. It is indirectly referenced from required .class files
	The type javax.servlet.http.HttpServletRequest cannot be resolved. It is indirectly referenced from required .class files
	The type MyInteceptor must implement the inherited abstract method HandlerInterceptor.postHandle(HttpServletRequest, HttpServletResponse, Object, ModelAndView)
	The type MyInteceptor must implement the inherited abstract method HandlerInterceptor.afterCompletion(HttpServletRequest, HttpServletResponse, Object, Exception)
	The type MyInteceptor must implement the inherited abstract method HandlerInterceptor.preHandle(HttpServletRequest, HttpServletResponse, Object)
	HttpServletRequest cannot be resolved to a type
	HttpServletResponse cannot be resolved to a type
	HttpServletRequest cannot be resolved to a type
	HttpServletResponse cannot be resolved to a type
	HttpServletRequest cannot be resolved to a type
	HttpServletResponse cannot be resolved to a type

	at cn.springmvc.Inteceptor.MyInteceptor.<init>(MyInteceptor.java:1)
	at sun.reflect.NativeConstructorAccessorImpl.newInstance0(Native Method)
	at sun.reflect.NativeConstructorAccessorImpl.newInstance(NativeConstructorAccessorImpl.java:57)
	at sun.reflect.DelegatingConstructorAccessorImpl.newInstance(DelegatingConstructorAccessorImpl.java:45)
	at java.lang.reflect.Constructor.newInstance(Constructor.java:525)
	at org.springframework.beans.BeanUtils.instantiateClass(BeanUtils.java:148)
	... 59 more
2014-11-05 09:57:27 [ main:975 ] - [ ERROR ] maxIdle is deprecated
2014-11-05 09:57:29 [ main:2435 ] - [ ERROR ] Context initialization failed
org.springframework.beans.factory.BeanCreationException: Error creating bean with name 'org.springframework.web.servlet.handler.MappedInterceptor#0': Cannot create inner bean 'cn.springmvc.Inteceptor.MyInteceptor#0' of type [cn.springmvc.Inteceptor.MyInteceptor] while setting constructor argument; nested exception is org.springframework.beans.factory.BeanCreationException: Error creating bean with name 'cn.springmvc.Inteceptor.MyInteceptor#0' defined in class path resource [conf/spring-mvc.xml]: Instantiation of bean failed; nested exception is org.springframework.beans.BeanInstantiationException: Could not instantiate bean class [cn.springmvc.Inteceptor.MyInteceptor]: Constructor threw exception; nested exception is java.lang.Error: Unresolved compilation problems: 
	The type javax.servlet.http.HttpServletRequest cannot be resolved. It is indirectly referenced from required .class files
	The type javax.servlet.http.HttpServletResponse cannot be resolved. It is indirectly referenced from required .class files
	The import javax.servlet.http.HttpServletRequest cannot be resolved
	The import javax.servlet.http.HttpServletResponse cannot be resolved
	The type MyInteceptor must implement the inherited abstract method HandlerInterceptor.postHandle(HttpServletRequest, HttpServletResponse, Object, ModelAndView)
	The type MyInteceptor must implement the inherited abstract method HandlerInterceptor.afterCompletion(HttpServletRequest, HttpServletResponse, Object, Exception)
	The type MyInteceptor must implement the inherited abstract method HandlerInterceptor.preHandle(HttpServletRequest, HttpServletResponse, Object)
	HttpServletRequest cannot be resolved to a type
	HttpServletResponse cannot be resolved to a type
	HttpServletRequest cannot be resolved to a type
	HttpServletResponse cannot be resolved to a type
	HttpServletRequest cannot be resolved to a type
	HttpServletResponse cannot be resolved to a type

	at org.springframework.beans.factory.support.BeanDefinitionValueResolver.resolveInnerBean(BeanDefinitionValueResolver.java:282)
	at org.springframework.beans.factory.support.BeanDefinitionValueResolver.resolveValueIfNecessary(BeanDefinitionValueResolver.java:121)
	at org.springframework.beans.factory.support.ConstructorResolver.resolveConstructorArguments(ConstructorResolver.java:615)
	at org.springframework.beans.factory.support.ConstructorResolver.autowireConstructor(ConstructorResolver.java:148)
	at org.springframework.beans.factory.support.AbstractAutowireCapableBeanFactory.autowireConstructor(AbstractAutowireCapableBeanFactory.java:1045)
	at org.springframework.beans.factory.support.AbstractAutowireCapableBeanFactory.createBeanInstance(AbstractAutowireCapableBeanFactory.java:949)
	at org.springframework.beans.factory.support.AbstractAutowireCapableBeanFactory.doCreateBean(AbstractAutowireCapableBeanFactory.java:487)
	at org.springframework.beans.factory.support.AbstractAutowireCapableBeanFactory.createBean(AbstractAutowireCapableBeanFactory.java:458)
	at org.springframework.beans.factory.support.AbstractBeanFactory$1.getObject(AbstractBeanFactory.java:295)
	at org.springframework.beans.factory.support.DefaultSingletonBeanRegistry.getSingleton(DefaultSingletonBeanRegistry.java:223)
	at org.springframework.beans.factory.support.AbstractBeanFactory.doGetBean(AbstractBeanFactory.java:292)
	at org.springframework.beans.factory.support.AbstractBeanFactory.getBean(AbstractBeanFactory.java:194)
	at org.springframework.beans.factory.support.DefaultListableBeanFactory.preInstantiateSingletons(DefaultListableBeanFactory.java:628)
	at org.springframework.context.support.AbstractApplicationContext.finishBeanFactoryInitialization(AbstractApplicationContext.java:932)
	at org.springframework.context.support.AbstractApplicationContext.refresh(AbstractApplicationContext.java:479)
	at org.springframework.web.servlet.FrameworkServlet.configureAndRefreshWebApplicationContext(FrameworkServlet.java:651)
	at org.springframework.web.servlet.FrameworkServlet.createWebApplicationContext(FrameworkServlet.java:599)
	at org.springframework.web.servlet.FrameworkServlet.createWebApplicationContext(FrameworkServlet.java:665)
	at org.springframework.web.servlet.FrameworkServlet.initWebApplicationContext(FrameworkServlet.java:518)
	at org.springframework.web.servlet.FrameworkServlet.initServletBean(FrameworkServlet.java:459)
	at org.springframework.web.servlet.HttpServletBean.init(HttpServletBean.java:136)
	at javax.servlet.GenericServlet.init(GenericServlet.java:212)
	at org.apache.catalina.core.StandardWrapper.loadServlet(StandardWrapper.java:1173)
	at org.apache.catalina.core.StandardWrapper.load(StandardWrapper.java:993)
	at org.apache.catalina.core.StandardContext.loadOnStartup(StandardContext.java:4350)
	at org.apache.catalina.core.StandardContext.start(StandardContext.java:4659)
	at org.apache.catalina.core.ContainerBase.start(ContainerBase.java:1045)
	at org.apache.catalina.core.StandardHost.start(StandardHost.java:785)
	at org.apache.catalina.core.ContainerBase.start(ContainerBase.java:1045)
	at org.apache.catalina.core.StandardEngine.start(StandardEngine.java:445)
	at org.apache.catalina.startup.Embedded.start(Embedded.java:825)
	at org.codehaus.mojo.tomcat.AbstractRunMojo.startContainer(AbstractRunMojo.java:558)
	at org.codehaus.mojo.tomcat.AbstractRunMojo.execute(AbstractRunMojo.java:255)
	at org.apache.maven.plugin.DefaultBuildPluginManager.executeMojo(DefaultBuildPluginManager.java:132)
	at org.apache.maven.lifecycle.internal.MojoExecutor.execute(MojoExecutor.java:208)
	at org.apache.maven.lifecycle.internal.MojoExecutor.execute(MojoExecutor.java:153)
	at org.apache.maven.lifecycle.internal.MojoExecutor.execute(MojoExecutor.java:145)
	at org.apache.maven.lifecycle.internal.LifecycleModuleBuilder.buildProject(LifecycleModuleBuilder.java:116)
	at org.apache.maven.lifecycle.internal.LifecycleModuleBuilder.buildProject(LifecycleModuleBuilder.java:80)
	at org.apache.maven.lifecycle.internal.builder.singlethreaded.SingleThreadedBuilder.build(SingleThreadedBuilder.java:51)
	at org.apache.maven.lifecycle.internal.LifecycleStarter.execute(LifecycleStarter.java:120)
	at org.apache.maven.DefaultMaven.doExecute(DefaultMaven.java:347)
	at org.apache.maven.DefaultMaven.execute(DefaultMaven.java:154)
	at org.apache.maven.cli.MavenCli.execute(MavenCli.java:582)
	at org.apache.maven.cli.MavenCli.doMain(MavenCli.java:214)
	at org.apache.maven.cli.MavenCli.main(MavenCli.java:158)
	at sun.reflect.NativeMethodAccessorImpl.invoke0(Native Method)
	at sun.reflect.NativeMethodAccessorImpl.invoke(NativeMethodAccessorImpl.java:57)
	at sun.reflect.DelegatingMethodAccessorImpl.invoke(DelegatingMethodAccessorImpl.java:43)
	at java.lang.reflect.Method.invoke(Method.java:601)
	at org.codehaus.plexus.classworlds.launcher.Launcher.launchEnhanced(Launcher.java:289)
	at org.codehaus.plexus.classworlds.launcher.Launcher.launch(Launcher.java:229)
	at org.codehaus.plexus.classworlds.launcher.Launcher.mainWithExitCode(Launcher.java:415)
	at org.codehaus.plexus.classworlds.launcher.Launcher.main(Launcher.java:356)
Caused by: org.springframework.beans.factory.BeanCreationException: Error creating bean with name 'cn.springmvc.Inteceptor.MyInteceptor#0' defined in class path resource [conf/spring-mvc.xml]: Instantiation of bean failed; nested exception is org.springframework.beans.BeanInstantiationException: Could not instantiate bean class [cn.springmvc.Inteceptor.MyInteceptor]: Constructor threw exception; nested exception is java.lang.Error: Unresolved compilation problems: 
	The type javax.servlet.http.HttpServletRequest cannot be resolved. It is indirectly referenced from required .class files
	The type javax.servlet.http.HttpServletResponse cannot be resolved. It is indirectly referenced from required .class files
	The import javax.servlet.http.HttpServletRequest cannot be resolved
	The import javax.servlet.http.HttpServletResponse cannot be resolved
	The type MyInteceptor must implement the inherited abstract method HandlerInterceptor.postHandle(HttpServletRequest, HttpServletResponse, Object, ModelAndView)
	The type MyInteceptor must implement the inherited abstract method HandlerInterceptor.afterCompletion(HttpServletRequest, HttpServletResponse, Object, Exception)
	The type MyInteceptor must implement the inherited abstract method HandlerInterceptor.preHandle(HttpServletRequest, HttpServletResponse, Object)
	HttpServletRequest cannot be resolved to a type
	HttpServletResponse cannot be resolved to a type
	HttpServletRequest cannot be resolved to a type
	HttpServletResponse cannot be resolved to a type
	HttpServletRequest cannot be resolved to a type
	HttpServletResponse cannot be resolved to a type

	at org.springframework.beans.factory.support.AbstractAutowireCapableBeanFactory.instantiateBean(AbstractAutowireCapableBeanFactory.java:1007)
	at org.springframework.beans.factory.support.AbstractAutowireCapableBeanFactory.createBeanInstance(AbstractAutowireCapableBeanFactory.java:953)
	at org.springframework.beans.factory.support.AbstractAutowireCapableBeanFactory.doCreateBean(AbstractAutowireCapableBeanFactory.java:487)
	at org.springframework.beans.factory.support.AbstractAutowireCapableBeanFactory.createBean(AbstractAutowireCapableBeanFactory.java:458)
	at org.springframework.beans.factory.support.BeanDefinitionValueResolver.resolveInnerBean(BeanDefinitionValueResolver.java:271)
	... 53 more
Caused by: org.springframework.beans.BeanInstantiationException: Could not instantiate bean class [cn.springmvc.Inteceptor.MyInteceptor]: Constructor threw exception; nested exception is java.lang.Error: Unresolved compilation problems: 
	The type javax.servlet.http.HttpServletRequest cannot be resolved. It is indirectly referenced from required .class files
	The type javax.servlet.http.HttpServletResponse cannot be resolved. It is indirectly referenced from required .class files
	The import javax.servlet.http.HttpServletRequest cannot be resolved
	The import javax.servlet.http.HttpServletResponse cannot be resolved
	The type MyInteceptor must implement the inherited abstract method HandlerInterceptor.postHandle(HttpServletRequest, HttpServletResponse, Object, ModelAndView)
	The type MyInteceptor must implement the inherited abstract method HandlerInterceptor.afterCompletion(HttpServletRequest, HttpServletResponse, Object, Exception)
	The type MyInteceptor must implement the inherited abstract method HandlerInterceptor.preHandle(HttpServletRequest, HttpServletResponse, Object)
	HttpServletRequest cannot be resolved to a type
	HttpServletResponse cannot be resolved to a type
	HttpServletRequest cannot be resolved to a type
	HttpServletResponse cannot be resolved to a type
	HttpServletRequest cannot be resolved to a type
	HttpServletResponse cannot be resolved to a type

	at org.springframework.beans.BeanUtils.instantiateClass(BeanUtils.java:163)
	at org.springframework.beans.factory.support.SimpleInstantiationStrategy.instantiate(SimpleInstantiationStrategy.java:87)
	at org.springframework.beans.factory.support.AbstractAutowireCapableBeanFactory.instantiateBean(AbstractAutowireCapableBeanFactory.java:1000)
	... 57 more
Caused by: java.lang.Error: Unresolved compilation problems: 
	The type javax.servlet.http.HttpServletRequest cannot be resolved. It is indirectly referenced from required .class files
	The type javax.servlet.http.HttpServletResponse cannot be resolved. It is indirectly referenced from required .class files
	The import javax.servlet.http.HttpServletRequest cannot be resolved
	The import javax.servlet.http.HttpServletResponse cannot be resolved
	The type MyInteceptor must implement the inherited abstract method HandlerInterceptor.postHandle(HttpServletRequest, HttpServletResponse, Object, ModelAndView)
	The type MyInteceptor must implement the inherited abstract method HandlerInterceptor.afterCompletion(HttpServletRequest, HttpServletResponse, Object, Exception)
	The type MyInteceptor must implement the inherited abstract method HandlerInterceptor.preHandle(HttpServletRequest, HttpServletResponse, Object)
	HttpServletRequest cannot be resolved to a type
	HttpServletResponse cannot be resolved to a type
	HttpServletRequest cannot be resolved to a type
	HttpServletResponse cannot be resolved to a type
	HttpServletRequest cannot be resolved to a type
	HttpServletResponse cannot be resolved to a type

	at cn.springmvc.Inteceptor.MyInteceptor.<init>(MyInteceptor.java:1)
	at sun.reflect.NativeConstructorAccessorImpl.newInstance0(Native Method)
	at sun.reflect.NativeConstructorAccessorImpl.newInstance(NativeConstructorAccessorImpl.java:57)
	at sun.reflect.DelegatingConstructorAccessorImpl.newInstance(DelegatingConstructorAccessorImpl.java:45)
	at java.lang.reflect.Constructor.newInstance(Constructor.java:525)
	at org.springframework.beans.BeanUtils.instantiateClass(BeanUtils.java:148)
	... 59 more
2014-11-05 10:03:12 [ main:1130 ] - [ ERROR ] maxIdle is deprecated
2014-11-05 10:03:13 [ main:2453 ] - [ ERROR ] Context initialization failed
org.springframework.beans.factory.BeanCreationException: Error creating bean with name 'org.springframework.web.servlet.handler.MappedInterceptor#0': Cannot create inner bean 'cn.springmvc.Inteceptor.MyInteceptor#0' of type [cn.springmvc.Inteceptor.MyInteceptor] while setting constructor argument; nested exception is org.springframework.beans.factory.BeanCreationException: Error creating bean with name 'cn.springmvc.Inteceptor.MyInteceptor#0' defined in class path resource [conf/spring-mvc.xml]: Instantiation of bean failed; nested exception is org.springframework.beans.BeanInstantiationException: Could not instantiate bean class [cn.springmvc.Inteceptor.MyInteceptor]: Constructor threw exception; nested exception is java.lang.Error: Unresolved compilation problems: 
	The type javax.servlet.http.HttpServletResponse cannot be resolved. It is indirectly referenced from required .class files
	The type javax.servlet.http.HttpServletRequest cannot be resolved. It is indirectly referenced from required .class files
	The type MyInteceptor must implement the inherited abstract method HandlerInterceptor.postHandle(HttpServletRequest, HttpServletResponse, Object, ModelAndView)
	The type MyInteceptor must implement the inherited abstract method HandlerInterceptor.afterCompletion(HttpServletRequest, HttpServletResponse, Object, Exception)
	The type MyInteceptor must implement the inherited abstract method HandlerInterceptor.preHandle(HttpServletRequest, HttpServletResponse, Object)
	HttpServletRequest cannot be resolved to a type
	HttpServletResponse cannot be resolved to a type
	HttpServletRequest cannot be resolved to a type
	HttpServletResponse cannot be resolved to a type
	HttpServletRequest cannot be resolved to a type
	HttpServletResponse cannot be resolved to a type

	at org.springframework.beans.factory.support.BeanDefinitionValueResolver.resolveInnerBean(BeanDefinitionValueResolver.java:282)
	at org.springframework.beans.factory.support.BeanDefinitionValueResolver.resolveValueIfNecessary(BeanDefinitionValueResolver.java:121)
	at org.springframework.beans.factory.support.ConstructorResolver.resolveConstructorArguments(ConstructorResolver.java:615)
	at org.springframework.beans.factory.support.ConstructorResolver.autowireConstructor(ConstructorResolver.java:148)
	at org.springframework.beans.factory.support.AbstractAutowireCapableBeanFactory.autowireConstructor(AbstractAutowireCapableBeanFactory.java:1045)
	at org.springframework.beans.factory.support.AbstractAutowireCapableBeanFactory.createBeanInstance(AbstractAutowireCapableBeanFactory.java:949)
	at org.springframework.beans.factory.support.AbstractAutowireCapableBeanFactory.doCreateBean(AbstractAutowireCapableBeanFactory.java:487)
	at org.springframework.beans.factory.support.AbstractAutowireCapableBeanFactory.createBean(AbstractAutowireCapableBeanFactory.java:458)
	at org.springframework.beans.factory.support.AbstractBeanFactory$1.getObject(AbstractBeanFactory.java:295)
	at org.springframework.beans.factory.support.DefaultSingletonBeanRegistry.getSingleton(DefaultSingletonBeanRegistry.java:223)
	at org.springframework.beans.factory.support.AbstractBeanFactory.doGetBean(AbstractBeanFactory.java:292)
	at org.springframework.beans.factory.support.AbstractBeanFactory.getBean(AbstractBeanFactory.java:194)
	at org.springframework.beans.factory.support.DefaultListableBeanFactory.preInstantiateSingletons(DefaultListableBeanFactory.java:628)
	at org.springframework.context.support.AbstractApplicationContext.finishBeanFactoryInitialization(AbstractApplicationContext.java:932)
	at org.springframework.context.support.AbstractApplicationContext.refresh(AbstractApplicationContext.java:479)
	at org.springframework.web.servlet.FrameworkServlet.configureAndRefreshWebApplicationContext(FrameworkServlet.java:651)
	at org.springframework.web.servlet.FrameworkServlet.createWebApplicationContext(FrameworkServlet.java:599)
	at org.springframework.web.servlet.FrameworkServlet.createWebApplicationContext(FrameworkServlet.java:665)
	at org.springframework.web.servlet.FrameworkServlet.initWebApplicationContext(FrameworkServlet.java:518)
	at org.springframework.web.servlet.FrameworkServlet.initServletBean(FrameworkServlet.java:459)
	at org.springframework.web.servlet.HttpServletBean.init(HttpServletBean.java:136)
	at javax.servlet.GenericServlet.init(GenericServlet.java:212)
	at org.apache.catalina.core.StandardWrapper.loadServlet(StandardWrapper.java:1173)
	at org.apache.catalina.core.StandardWrapper.load(StandardWrapper.java:993)
	at org.apache.catalina.core.StandardContext.loadOnStartup(StandardContext.java:4350)
	at org.apache.catalina.core.StandardContext.start(StandardContext.java:4659)
	at org.apache.catalina.core.ContainerBase.start(ContainerBase.java:1045)
	at org.apache.catalina.core.StandardHost.start(StandardHost.java:785)
	at org.apache.catalina.core.ContainerBase.start(ContainerBase.java:1045)
	at org.apache.catalina.core.StandardEngine.start(StandardEngine.java:445)
	at org.apache.catalina.startup.Embedded.start(Embedded.java:825)
	at org.codehaus.mojo.tomcat.AbstractRunMojo.startContainer(AbstractRunMojo.java:558)
	at org.codehaus.mojo.tomcat.AbstractRunMojo.execute(AbstractRunMojo.java:255)
	at org.apache.maven.plugin.DefaultBuildPluginManager.executeMojo(DefaultBuildPluginManager.java:132)
	at org.apache.maven.lifecycle.internal.MojoExecutor.execute(MojoExecutor.java:208)
	at org.apache.maven.lifecycle.internal.MojoExecutor.execute(MojoExecutor.java:153)
	at org.apache.maven.lifecycle.internal.MojoExecutor.execute(MojoExecutor.java:145)
	at org.apache.maven.lifecycle.internal.LifecycleModuleBuilder.buildProject(LifecycleModuleBuilder.java:116)
	at org.apache.maven.lifecycle.internal.LifecycleModuleBuilder.buildProject(LifecycleModuleBuilder.java:80)
	at org.apache.maven.lifecycle.internal.builder.singlethreaded.SingleThreadedBuilder.build(SingleThreadedBuilder.java:51)
	at org.apache.maven.lifecycle.internal.LifecycleStarter.execute(LifecycleStarter.java:120)
	at org.apache.maven.DefaultMaven.doExecute(DefaultMaven.java:347)
	at org.apache.maven.DefaultMaven.execute(DefaultMaven.java:154)
	at org.apache.maven.cli.MavenCli.execute(MavenCli.java:582)
	at org.apache.maven.cli.MavenCli.doMain(MavenCli.java:214)
	at org.apache.maven.cli.MavenCli.main(MavenCli.java:158)
	at sun.reflect.NativeMethodAccessorImpl.invoke0(Native Method)
	at sun.reflect.NativeMethodAccessorImpl.invoke(NativeMethodAccessorImpl.java:57)
	at sun.reflect.DelegatingMethodAccessorImpl.invoke(DelegatingMethodAccessorImpl.java:43)
	at java.lang.reflect.Method.invoke(Method.java:601)
	at org.codehaus.plexus.classworlds.launcher.Launcher.launchEnhanced(Launcher.java:289)
	at org.codehaus.plexus.classworlds.launcher.Launcher.launch(Launcher.java:229)
	at org.codehaus.plexus.classworlds.launcher.Launcher.mainWithExitCode(Launcher.java:415)
	at org.codehaus.plexus.classworlds.launcher.Launcher.main(Launcher.java:356)
Caused by: org.springframework.beans.factory.BeanCreationException: Error creating bean with name 'cn.springmvc.Inteceptor.MyInteceptor#0' defined in class path resource [conf/spring-mvc.xml]: Instantiation of bean failed; nested exception is org.springframework.beans.BeanInstantiationException: Could not instantiate bean class [cn.springmvc.Inteceptor.MyInteceptor]: Constructor threw exception; nested exception is java.lang.Error: Unresolved compilation problems: 
	The type javax.servlet.http.HttpServletResponse cannot be resolved. It is indirectly referenced from required .class files
	The type javax.servlet.http.HttpServletRequest cannot be resolved. It is indirectly referenced from required .class files
	The type MyInteceptor must implement the inherited abstract method HandlerInterceptor.postHandle(HttpServletRequest, HttpServletResponse, Object, ModelAndView)
	The type MyInteceptor must implement the inherited abstract method HandlerInterceptor.afterCompletion(HttpServletRequest, HttpServletResponse, Object, Exception)
	The type MyInteceptor must implement the inherited abstract method HandlerInterceptor.preHandle(HttpServletRequest, HttpServletResponse, Object)
	HttpServletRequest cannot be resolved to a type
	HttpServletResponse cannot be resolved to a type
	HttpServletRequest cannot be resolved to a type
	HttpServletResponse cannot be resolved to a type
	HttpServletRequest cannot be resolved to a type
	HttpServletResponse cannot be resolved to a type

	at org.springframework.beans.factory.support.AbstractAutowireCapableBeanFactory.instantiateBean(AbstractAutowireCapableBeanFactory.java:1007)
	at org.springframework.beans.factory.support.AbstractAutowireCapableBeanFactory.createBeanInstance(AbstractAutowireCapableBeanFactory.java:953)
	at org.springframework.beans.factory.support.AbstractAutowireCapableBeanFactory.doCreateBean(AbstractAutowireCapableBeanFactory.java:487)
	at org.springframework.beans.factory.support.AbstractAutowireCapableBeanFactory.createBean(AbstractAutowireCapableBeanFactory.java:458)
	at org.springframework.beans.factory.support.BeanDefinitionValueResolver.resolveInnerBean(BeanDefinitionValueResolver.java:271)
	... 53 more
Caused by: org.springframework.beans.BeanInstantiationException: Could not instantiate bean class [cn.springmvc.Inteceptor.MyInteceptor]: Constructor threw exception; nested exception is java.lang.Error: Unresolved compilation problems: 
	The type javax.servlet.http.HttpServletResponse cannot be resolved. It is indirectly referenced from required .class files
	The type javax.servlet.http.HttpServletRequest cannot be resolved. It is indirectly referenced from required .class files
	The type MyInteceptor must implement the inherited abstract method HandlerInterceptor.postHandle(HttpServletRequest, HttpServletResponse, Object, ModelAndView)
	The type MyInteceptor must implement the inherited abstract method HandlerInterceptor.afterCompletion(HttpServletRequest, HttpServletResponse, Object, Exception)
	The type MyInteceptor must implement the inherited abstract method HandlerInterceptor.preHandle(HttpServletRequest, HttpServletResponse, Object)
	HttpServletRequest cannot be resolved to a type
	HttpServletResponse cannot be resolved to a type
	HttpServletRequest cannot be resolved to a type
	HttpServletResponse cannot be resolved to a type
	HttpServletRequest cannot be resolved to a type
	HttpServletResponse cannot be resolved to a type

	at org.springframework.beans.BeanUtils.instantiateClass(BeanUtils.java:163)
	at org.springframework.beans.factory.support.SimpleInstantiationStrategy.instantiate(SimpleInstantiationStrategy.java:87)
	at org.springframework.beans.factory.support.AbstractAutowireCapableBeanFactory.instantiateBean(AbstractAutowireCapableBeanFactory.java:1000)
	... 57 more
Caused by: java.lang.Error: Unresolved compilation problems: 
	The type javax.servlet.http.HttpServletResponse cannot be resolved. It is indirectly referenced from required .class files
	The type javax.servlet.http.HttpServletRequest cannot be resolved. It is indirectly referenced from required .class files
	The type MyInteceptor must implement the inherited abstract method HandlerInterceptor.postHandle(HttpServletRequest, HttpServletResponse, Object, ModelAndView)
	The type MyInteceptor must implement the inherited abstract method HandlerInterceptor.afterCompletion(HttpServletRequest, HttpServletResponse, Object, Exception)
	The type MyInteceptor must implement the inherited abstract method HandlerInterceptor.preHandle(HttpServletRequest, HttpServletResponse, Object)
	HttpServletRequest cannot be resolved to a type
	HttpServletResponse cannot be resolved to a type
	HttpServletRequest cannot be resolved to a type
	HttpServletResponse cannot be resolved to a type
	HttpServletRequest cannot be resolved to a type
	HttpServletResponse cannot be resolved to a type

	at cn.springmvc.Inteceptor.MyInteceptor.<init>(MyInteceptor.java:1)
	at sun.reflect.NativeConstructorAccessorImpl.newInstance0(Native Method)
	at sun.reflect.NativeConstructorAccessorImpl.newInstance(NativeConstructorAccessorImpl.java:57)
	at sun.reflect.DelegatingConstructorAccessorImpl.newInstance(DelegatingConstructorAccessorImpl.java:45)
	at java.lang.reflect.Constructor.newInstance(Constructor.java:525)
	at org.springframework.beans.BeanUtils.instantiateClass(BeanUtils.java:148)
	... 59 more
2014-11-05 10:05:34 [ main:1045 ] - [ ERROR ] maxIdle is deprecated
2014-11-05 10:06:21 [ main:1169 ] - [ ERROR ] maxIdle is deprecated
2014-11-05 10:07:04 [ main:1541 ] - [ ERROR ] maxIdle is deprecated
2014-11-05 11:10:35 [ main:4912 ] - [ ERROR ] maxIdle is deprecated
2014-11-05 13:25:26 [ main:1228 ] - [ ERROR ] maxIdle is deprecated
